<?xml version="1.0" encoding="UTF-8"?>
<testng-results skipped="0" failed="0" ignored="0" total="1" passed="1">
  <reporter-output>
  </reporter-output>
  <suite name="Default suite" duration-ms="27449" started-at="2022-04-08T12:04:06 IST" finished-at="2022-04-08T12:04:34 IST">
    <groups>
    </groups>
    <test name="Default test" duration-ms="27449" started-at="2022-04-08T12:04:06 IST" finished-at="2022-04-08T12:04:34 IST">
      <class name="pakage1.Test1">
        <test-method status="PASS" signature="welcome()[pri:0, instance:pakage1.Test1@4cf4d528]" name="welcome" duration-ms="27418" started-at="2022-04-08T12:04:06 IST" finished-at="2022-04-08T12:04:34 IST">
          <reporter-output>
          </reporter-output>
        </test-method> <!-- welcome -->
      </class> <!-- pakage1.Test1 -->
    </test> <!-- Default test -->
  </suite> <!-- Default suite -->
</testng-results>
